<?xml version="1.0" encoding="UTF-8"?>
<testsuite xmlns:xsi="http://www.w3.org/2001/XMLSchema-instance" xsi:noNamespaceSchemaLocation="https://maven.apache.org/surefire/maven-surefire-plugin/xsd/surefire-test-report-3.0.xsd" version="3.0" name="com.dipsscor.MainTest" time="1.679" tests="5" errors="0" skipped="0" failures="0">
  <properties>
    <property name="java.specification.version" value="19"/>
    <property name="sun.cpu.isalist" value="amd64"/>
    <property name="sun.jnu.encoding" value="Cp1252"/>
    <property name="java.class.path" value="C:\Users\dipss\Desktop\POCs\HelidonSE-microservice-project\helidon-quickstart-se\target\test-classes;C:\Users\dipss\Desktop\POCs\HelidonSE-microservice-project\helidon-quickstart-se\target\classes;C:\WORK\Maven_Repositories\io\helidon\webserver\helidon-webserver\3.0.1\helidon-webserver-3.0.1.jar;C:\WORK\Maven_Repositories\io\helidon\common\helidon-common-reactive\3.0.1\helidon-common-reactive-3.0.1.jar;C:\WORK\Maven_Repositories\io\helidon\common\helidon-common-mapper\3.0.1\helidon-common-mapper-3.0.1.jar;C:\WORK\Maven_Repositories\io\helidon\common\helidon-common\3.0.1\helidon-common-3.0.1.jar;C:\WORK\Maven_Repositories\io\helidon\common\helidon-common-http\3.0.1\helidon-common-http-3.0.1.jar;C:\WORK\Maven_Repositories\io\helidon\media\helidon-media-common\3.0.1\helidon-media-common-3.0.1.jar;C:\WORK\Maven_Repositories\io\helidon\config\helidon-config\3.0.1\helidon-config-3.0.1.jar;C:\WORK\Maven_Repositories\io\helidon\common\helidon-common-media-type\3.0.1\helidon-common-media-type-3.0.1.jar;C:\WORK\Maven_Repositories\io\helidon\common\helidon-common-key-util\3.0.1\helidon-common-key-util-3.0.1.jar;C:\WORK\Maven_Repositories\io\helidon\logging\helidon-logging-common\3.0.1\helidon-logging-common-3.0.1.jar;C:\WORK\Maven_Repositories\io\helidon\tracing\helidon-tracing\3.0.1\helidon-tracing-3.0.1.jar;C:\WORK\Maven_Repositories\io\helidon\tracing\helidon-tracing-config\3.0.1\helidon-tracing-config-3.0.1.jar;C:\WORK\Maven_Repositories\io\netty\netty-codec-http\4.1.77.Final\netty-codec-http-4.1.77.Final.jar;C:\WORK\Maven_Repositories\io\netty\netty-common\4.1.77.Final\netty-common-4.1.77.Final.jar;C:\WORK\Maven_Repositories\io\netty\netty-transport\4.1.77.Final\netty-transport-4.1.77.Final.jar;C:\WORK\Maven_Repositories\io\netty\netty-codec\4.1.77.Final\netty-codec-4.1.77.Final.jar;C:\WORK\Maven_Repositories\io\netty\netty-handler\4.1.77.Final\netty-handler-4.1.77.Final.jar;C:\WORK\Maven_Repositories\io\netty\netty-resolver\4.1.77.Final\netty-resolver-4.1.77.Final.jar;C:\WORK\Maven_Repositories\io\helidon\config\helidon-config-yaml\3.0.1\helidon-config-yaml-3.0.1.jar;C:\WORK\Maven_Repositories\org\yaml\snakeyaml\1.30\snakeyaml-1.30.jar;C:\WORK\Maven_Repositories\jakarta\annotation\jakarta.annotation-api\2.0.0\jakarta.annotation-api-2.0.0.jar;C:\WORK\Maven_Repositories\io\helidon\metrics\helidon-metrics\3.0.1\helidon-metrics-3.0.1.jar;C:\WORK\Maven_Repositories\io\helidon\common\helidon-common-service-loader\3.0.1\helidon-common-service-loader-3.0.1.jar;C:\WORK\Maven_Repositories\io\helidon\common\helidon-common-configurable\3.0.1\helidon-common-configurable-3.0.1.jar;C:\WORK\Maven_Repositories\io\helidon\metrics\helidon-metrics-api\3.0.1\helidon-metrics-api-3.0.1.jar;C:\WORK\Maven_Repositories\io\helidon\metrics\helidon-metrics-service-api\3.0.1\helidon-metrics-service-api-3.0.1.jar;C:\WORK\Maven_Repositories\org\eclipse\microprofile\metrics\microprofile-metrics-api\4.0\microprofile-metrics-api-4.0.jar;C:\WORK\Maven_Repositories\io\helidon\webserver\helidon-webserver-cors\3.0.1\helidon-webserver-cors-3.0.1.jar;C:\WORK\Maven_Repositories\io\helidon\service-common\helidon-service-common-rest\3.0.1\helidon-service-common-rest-3.0.1.jar;C:\WORK\Maven_Repositories\io\helidon\health\helidon-health\3.0.1\helidon-health-3.0.1.jar;C:\WORK\Maven_Repositories\io\helidon\fault-tolerance\helidon-fault-tolerance\3.0.1\helidon-fault-tolerance-3.0.1.jar;C:\WORK\Maven_Repositories\org\eclipse\microprofile\health\microprofile-health-api\4.0\microprofile-health-api-4.0.jar;C:\WORK\Maven_Repositories\io\helidon\health\helidon-health-checks\3.0.1\helidon-health-checks-3.0.1.jar;C:\WORK\Maven_Repositories\io\helidon\health\helidon-health-common\3.0.1\helidon-health-common-3.0.1.jar;C:\WORK\Maven_Repositories\io\helidon\media\helidon-media-jsonp\3.0.1\helidon-media-jsonp-3.0.1.jar;C:\WORK\Maven_Repositories\jakarta\json\jakarta.json-api\2.0.1\jakarta.json-api-2.0.1.jar;C:\WORK\Maven_Repositories\org\eclipse\parsson\parsson\1.0.2\parsson-1.0.2.jar;C:\WORK\Maven_Repositories\org\junit\jupiter\junit-jupiter-api\5.7.0\junit-jupiter-api-5.7.0.jar;C:\WORK\Maven_Repositories\org\apiguardian\apiguardian-api\1.1.0\apiguardian-api-1.1.0.jar;C:\WORK\Maven_Repositories\org\opentest4j\opentest4j\1.2.0\opentest4j-1.2.0.jar;C:\WORK\Maven_Repositories\org\junit\platform\junit-platform-commons\1.7.0\junit-platform-commons-1.7.0.jar;C:\WORK\Maven_Repositories\org\hamcrest\hamcrest-all\1.3\hamcrest-all-1.3.jar;C:\WORK\Maven_Repositories\io\helidon\webclient\helidon-webclient\3.0.1\helidon-webclient-3.0.1.jar;C:\WORK\Maven_Repositories\io\helidon\common\helidon-common-context\3.0.1\helidon-common-context-3.0.1.jar;C:\WORK\Maven_Repositories\io\netty\netty-buffer\4.1.77.Final\netty-buffer-4.1.77.Final.jar;C:\WORK\Maven_Repositories\io\netty\netty-handler-proxy\4.1.77.Final\netty-handler-proxy-4.1.77.Final.jar;C:\WORK\Maven_Repositories\io\netty\netty-codec-socks\4.1.77.Final\netty-codec-socks-4.1.77.Final.jar;"/>
    <property name="java.vm.vendor" value="Oracle Corporation"/>
    <property name="sun.arch.data.model" value="64"/>
    <property name="user.variant" value=""/>
    <property name="java.vendor.url" value="https://java.oracle.com/"/>
    <property name="user.timezone" value="Asia/Calcutta"/>
    <property name="os.name" value="Windows 11"/>
    <property name="java.vm.specification.version" value="19"/>
    <property name="sun.java.launcher" value="SUN_STANDARD"/>
    <property name="user.country" value="IN"/>
    <property name="sun.boot.library.path" value="C:\Program Files\OpenJDK\jdk-19\bin"/>
    <property name="sun.java.command" value="C:\Users\dipss\AppData\Local\Temp\surefire3099060272015509660\surefirebooter16551242028299666332.jar C:\Users\dipss\AppData\Local\Temp\surefire3099060272015509660 2022-10-11T01-23-32_133-jvmRun1 surefire6225614349431394995tmp surefire_08353963154174194360tmp"/>
    <property name="jdk.debug" value="release"/>
    <property name="surefire.test.class.path" value="C:\Users\dipss\Desktop\POCs\HelidonSE-microservice-project\helidon-quickstart-se\target\test-classes;C:\Users\dipss\Desktop\POCs\HelidonSE-microservice-project\helidon-quickstart-se\target\classes;C:\WORK\Maven_Repositories\io\helidon\webserver\helidon-webserver\3.0.1\helidon-webserver-3.0.1.jar;C:\WORK\Maven_Repositories\io\helidon\common\helidon-common-reactive\3.0.1\helidon-common-reactive-3.0.1.jar;C:\WORK\Maven_Repositories\io\helidon\common\helidon-common-mapper\3.0.1\helidon-common-mapper-3.0.1.jar;C:\WORK\Maven_Repositories\io\helidon\common\helidon-common\3.0.1\helidon-common-3.0.1.jar;C:\WORK\Maven_Repositories\io\helidon\common\helidon-common-http\3.0.1\helidon-common-http-3.0.1.jar;C:\WORK\Maven_Repositories\io\helidon\media\helidon-media-common\3.0.1\helidon-media-common-3.0.1.jar;C:\WORK\Maven_Repositories\io\helidon\config\helidon-config\3.0.1\helidon-config-3.0.1.jar;C:\WORK\Maven_Repositories\io\helidon\common\helidon-common-media-type\3.0.1\helidon-common-media-type-3.0.1.jar;C:\WORK\Maven_Repositories\io\helidon\common\helidon-common-key-util\3.0.1\helidon-common-key-util-3.0.1.jar;C:\WORK\Maven_Repositories\io\helidon\logging\helidon-logging-common\3.0.1\helidon-logging-common-3.0.1.jar;C:\WORK\Maven_Repositories\io\helidon\tracing\helidon-tracing\3.0.1\helidon-tracing-3.0.1.jar;C:\WORK\Maven_Repositories\io\helidon\tracing\helidon-tracing-config\3.0.1\helidon-tracing-config-3.0.1.jar;C:\WORK\Maven_Repositories\io\netty\netty-codec-http\4.1.77.Final\netty-codec-http-4.1.77.Final.jar;C:\WORK\Maven_Repositories\io\netty\netty-common\4.1.77.Final\netty-common-4.1.77.Final.jar;C:\WORK\Maven_Repositories\io\netty\netty-transport\4.1.77.Final\netty-transport-4.1.77.Final.jar;C:\WORK\Maven_Repositories\io\netty\netty-codec\4.1.77.Final\netty-codec-4.1.77.Final.jar;C:\WORK\Maven_Repositories\io\netty\netty-handler\4.1.77.Final\netty-handler-4.1.77.Final.jar;C:\WORK\Maven_Repositories\io\netty\netty-resolver\4.1.77.Final\netty-resolver-4.1.77.Final.jar;C:\WORK\Maven_Repositories\io\helidon\config\helidon-config-yaml\3.0.1\helidon-config-yaml-3.0.1.jar;C:\WORK\Maven_Repositories\org\yaml\snakeyaml\1.30\snakeyaml-1.30.jar;C:\WORK\Maven_Repositories\jakarta\annotation\jakarta.annotation-api\2.0.0\jakarta.annotation-api-2.0.0.jar;C:\WORK\Maven_Repositories\io\helidon\metrics\helidon-metrics\3.0.1\helidon-metrics-3.0.1.jar;C:\WORK\Maven_Repositories\io\helidon\common\helidon-common-service-loader\3.0.1\helidon-common-service-loader-3.0.1.jar;C:\WORK\Maven_Repositories\io\helidon\common\helidon-common-configurable\3.0.1\helidon-common-configurable-3.0.1.jar;C:\WORK\Maven_Repositories\io\helidon\metrics\helidon-metrics-api\3.0.1\helidon-metrics-api-3.0.1.jar;C:\WORK\Maven_Repositories\io\helidon\metrics\helidon-metrics-service-api\3.0.1\helidon-metrics-service-api-3.0.1.jar;C:\WORK\Maven_Repositories\org\eclipse\microprofile\metrics\microprofile-metrics-api\4.0\microprofile-metrics-api-4.0.jar;C:\WORK\Maven_Repositories\io\helidon\webserver\helidon-webserver-cors\3.0.1\helidon-webserver-cors-3.0.1.jar;C:\WORK\Maven_Repositories\io\helidon\service-common\helidon-service-common-rest\3.0.1\helidon-service-common-rest-3.0.1.jar;C:\WORK\Maven_Repositories\io\helidon\health\helidon-health\3.0.1\helidon-health-3.0.1.jar;C:\WORK\Maven_Repositories\io\helidon\fault-tolerance\helidon-fault-tolerance\3.0.1\helidon-fault-tolerance-3.0.1.jar;C:\WORK\Maven_Repositories\org\eclipse\microprofile\health\microprofile-health-api\4.0\microprofile-health-api-4.0.jar;C:\WORK\Maven_Repositories\io\helidon\health\helidon-health-checks\3.0.1\helidon-health-checks-3.0.1.jar;C:\WORK\Maven_Repositories\io\helidon\health\helidon-health-common\3.0.1\helidon-health-common-3.0.1.jar;C:\WORK\Maven_Repositories\io\helidon\media\helidon-media-jsonp\3.0.1\helidon-media-jsonp-3.0.1.jar;C:\WORK\Maven_Repositories\jakarta\json\jakarta.json-api\2.0.1\jakarta.json-api-2.0.1.jar;C:\WORK\Maven_Repositories\org\eclipse\parsson\parsson\1.0.2\parsson-1.0.2.jar;C:\WORK\Maven_Repositories\org\junit\jupiter\junit-jupiter-api\5.7.0\junit-jupiter-api-5.7.0.jar;C:\WORK\Maven_Repositories\org\apiguardian\apiguardian-api\1.1.0\apiguardian-api-1.1.0.jar;C:\WORK\Maven_Repositories\org\opentest4j\opentest4j\1.2.0\opentest4j-1.2.0.jar;C:\WORK\Maven_Repositories\org\junit\platform\junit-platform-commons\1.7.0\junit-platform-commons-1.7.0.jar;C:\WORK\Maven_Repositories\org\hamcrest\hamcrest-all\1.3\hamcrest-all-1.3.jar;C:\WORK\Maven_Repositories\io\helidon\webclient\helidon-webclient\3.0.1\helidon-webclient-3.0.1.jar;C:\WORK\Maven_Repositories\io\helidon\common\helidon-common-context\3.0.1\helidon-common-context-3.0.1.jar;C:\WORK\Maven_Repositories\io\netty\netty-buffer\4.1.77.Final\netty-buffer-4.1.77.Final.jar;C:\WORK\Maven_Repositories\io\netty\netty-handler-proxy\4.1.77.Final\netty-handler-proxy-4.1.77.Final.jar;C:\WORK\Maven_Repositories\io\netty\netty-codec-socks\4.1.77.Final\netty-codec-socks-4.1.77.Final.jar;"/>
    <property name="sun.cpu.endian" value="little"/>
    <property name="user.home" value="C:\Users\dipss"/>
    <property name="user.language" value="en"/>
    <property name="java.specification.vendor" value="Oracle Corporation"/>
    <property name="io.netty.allocator.maxOrder" value="6"/>
    <property name="java.version.date" value="2022-09-20"/>
    <property name="java.home" value="C:\Program Files\OpenJDK\jdk-19"/>
    <property name="file.separator" value="\"/>
    <property name="basedir" value="C:\Users\dipss\Desktop\POCs\HelidonSE-microservice-project\helidon-quickstart-se"/>
    <property name="java.vm.compressedOopsMode" value="32-bit"/>
    <property name="line.separator" value="&#10;"/>
    <property name="java.vm.specification.vendor" value="Oracle Corporation"/>
    <property name="java.specification.name" value="Java Platform API Specification"/>
    <property name="surefire.real.class.path" value="C:\Users\dipss\AppData\Local\Temp\surefire3099060272015509660\surefirebooter16551242028299666332.jar"/>
    <property name="user.script" value=""/>
    <property name="java.util.logging.config.file" value="C:\Users\dipss\Desktop\POCs\HelidonSE-microservice-project\helidon-quickstart-se\target\classes/logging.properties"/>
    <property name="sun.management.compiler" value="HotSpot 64-Bit Tiered Compilers"/>
    <property name="java.runtime.version" value="19+36-2238"/>
    <property name="user.name" value="dipss"/>
    <property name="stdout.encoding" value="Cp1252"/>
    <property name="path.separator" value=";"/>
    <property name="os.version" value="10.0"/>
    <property name="java.runtime.name" value="OpenJDK Runtime Environment"/>
    <property name="file.encoding" value="UTF-8"/>
    <property name="java.vm.name" value="OpenJDK 64-Bit Server VM"/>
    <property name="localRepository" value="C:\WORK\Maven_Repositories"/>
    <property name="java.vendor.url.bug" value="https://bugreport.java.com/bugreport/"/>
    <property name="java.io.tmpdir" value="C:\Users\dipss\AppData\Local\Temp\"/>
    <property name="java.version" value="19"/>
    <property name="user.dir" value="C:\Users\dipss\Desktop\POCs\HelidonSE-microservice-project\helidon-quickstart-se"/>
    <property name="os.arch" value="amd64"/>
    <property name="java.vm.specification.name" value="Java Virtual Machine Specification"/>
    <property name="sun.os.patch.level" value=""/>
    <property name="native.encoding" value="Cp1252"/>
    <property name="java.library.path" value="C:\Program Files\OpenJDK\jdk-19\bin;C:\WINDOWS\Sun\Java\bin;C:\WINDOWS\system32;C:\WINDOWS;C:/Program Files/OpenJDK/jdk-14.0.2/bin/server;C:/Program Files/OpenJDK/jdk-14.0.2/bin;C:\WINDOWS\system32;C:\WINDOWS;C:\WINDOWS\System32\Wbem;C:\WINDOWS\System32\WindowsPowerShell\v1.0\;C:\WINDOWS\System32\OpenSSH\;C:\ProgramData\chocolatey\bin;C:\Program Files\Microsoft VS Code\bin;C:\Program Files\dotnet\;C:\Program Files\Docker\Docker\resources\bin;C:\ProgramData\DockerDesktop\version-bin;C:\Program Files\OpenJDK\jdk-14.0.2\bin;C:\Program Files\PowerShell\7\;C:\Program Files\Amazon\AWSCLIV2\;C:\Program Files\Git\cmd;C:\ProgramData\chocolatey\lib\maven\apache-maven-3.8.6\bin;C:\Users\dipss\AppData\Local\Microsoft\WindowsApps;C:\Users\dipss\.dotnet\tools;C:\WINDOWS\system32;;."/>
    <property name="java.vm.info" value="mixed mode, sharing"/>
    <property name="stderr.encoding" value="Cp1252"/>
    <property name="java.vendor" value="Oracle Corporation"/>
    <property name="java.vm.version" value="19+36-2238"/>
    <property name="sun.io.unicode.encoding" value="UnicodeLittle"/>
    <property name="java.class.version" value="63.0"/>
  </properties>
  <testcase name="testGreetings" classname="com.dipsscor.MainTest" time="0.283">
    <system-out><![CDATA[2022.10.11 01:23:49 INFO io.helidon.common.LogConfig Thread[#1,main,5,main]: Logging at initialization configured using C:\Users\dipss\Desktop\POCs\HelidonSE-microservice-project\helidon-quickstart-se\target\classes\logging.properties
2022.10.11 01:23:50 INFO io.helidon.common.HelidonFeatures Thread[#32,features-thread,5,main]: Helidon SE 3.0.1 features: [Config, Fault Tolerance, Health, Metrics, Tracing, Web Client, WebServer]
2022.10.11 01:23:51 INFO io.helidon.webserver.NettyWebServer Thread[#33,nioEventLoopGroup-2-1,10,main]: Channel '@default' started: [id: 0x6a8bcb37, L:/[0:0:0:0:0:0:0:0]:8080]
WEB server is up! http://localhost:8080/greet
]]></system-out>
  </testcase>
  <testcase name="testHealth" classname="com.dipsscor.MainTest" time="0.051"/>
  <testcase name="testMetrics" classname="com.dipsscor.MainTest" time="0.023"/>
  <testcase name="testMicroprofileMetrics" classname="com.dipsscor.MainTest" time="0.025">
    <system-out><![CDATA[2022.10.11 01:23:51 INFO com.dipsscor.SimpleGreetService Thread[#47,nioEventLoopGroup-3-2,10,main]: Greeting message is Hello World!
]]></system-out>
  </testcase>
  <testcase name="testSimpleGreet" classname="com.dipsscor.MainTest" time="0.009">
    <system-out><![CDATA[2022.10.11 01:23:51 INFO com.dipsscor.SimpleGreetService Thread[#47,nioEventLoopGroup-3-2,10,main]: Greeting message is Hello World!
]]></system-out>
  </testcase>
</testsuite>